# JRE version: Java(TM) SE Runtime Environment (8.0_171-b11) (build 1.8.0_171-b11)
# Java VM: Java HotSpot(TM) 64-Bit Server VM (25.171-b11 mixed mode bsd-amd64 compressed oops)
Heap:
 PSYoungGen      total 79872K, used 76418K [0x0000000795580000, 0x000000079f100000, 0x00000007c0000000)
  eden space 79360K, 96% used [0x0000000795580000,0x000000079a010b90,0x000000079a300000)
  from space 512K, 12% used [0x000000079a480000,0x000000079a490000,0x000000079a500000)
  to   space 39936K, 0% used [0x000000079ca00000,0x000000079ca00000,0x000000079f100000)
 ParOldGen       total 182272K, used 115446K [0x0000000740000000, 0x000000074b200000, 0x0000000795580000)
  object space 182272K, 63% used [0x0000000740000000,0x00000007470bd9c8,0x000000074b200000)
 Metaspace       used 63998K, capacity 67594K, committed 67840K, reserved 1107968K
  class space    used 9624K, capacity 10203K, committed 10240K, reserved 1048576K
GC Heap History (10 events):
Event: 19241.326 GC heap before
{Heap before GC invocations=38 (full 3):
 PSYoungGen      total 134144K, used 87232K [0x0000000795580000, 0x00000007a0d80000, 0x00000007c0000000)
  eden space 87040K, 100% used [0x0000000795580000,0x000000079aa80000,0x000000079aa80000)
  from space 47104K, 0% used [0x000000079df80000,0x000000079dfb0000,0x00000007a0d80000)
  to   space 50688K, 0% used [0x000000079aa80000,0x000000079aa80000,0x000000079dc00000)
 ParOldGen       total 182272K, used 115222K [0x0000000740000000, 0x000000074b200000, 0x0000000795580000)
  object space 182272K, 63% used [0x0000000740000000,0x00000007470859c8,0x000000074b200000)
 Metaspace       used 63785K, capacity 67306K, committed 67584K, reserved 1105920K
  class space    used 9590K, capacity 10155K, committed 10240K, reserved 1048576K
Event: 19241.330 GC heap after
Heap after GC invocations=38 (full 3):
 PSYoungGen      total 86016K, used 128K [0x0000000795580000, 0x00000007a0800000, 0x00000007c0000000)
  eden space 85504K, 0% used [0x0000000795580000,0x0000000795580000,0x000000079a900000)
  from space 512K, 25% used [0x000000079aa80000,0x000000079aaa0000,0x000000079ab00000)
  to   space 48640K, 0% used [0x000000079d880000,0x000000079d880000,0x00000007a0800000)
 ParOldGen       total 182272K, used 115342K [0x0000000740000000, 0x000000074b200000, 0x0000000795580000)
  object space 182272K, 63% used [0x0000000740000000,0x00000007470a39c8,0x000000074b200000)
 Metaspace       used 63785K, capacity 67306K, committed 67584K, reserved 1105920K
  class space    used 9590K, capacity 10155K, committed 10240K, reserved 1048576K
}
Event: 20290.495 GC heap before
{Heap before GC invocations=39 (full 3):
 PSYoungGen      total 86016K, used 85632K [0x0000000795580000, 0x00000007a0800000, 0x00000007c0000000)
  eden space 85504K, 100% used [0x0000000795580000,0x000000079a900000,0x000000079a900000)
  from space 512K, 25% used [0x000000079aa80000,0x000000079aaa0000,0x000000079ab00000)
  to   space 48640K, 0% used [0x000000079d880000,0x000000079d880000,0x00000007a0800000)
 ParOldGen       total 182272K, used 115342K [0x0000000740000000, 0x000000074b200000, 0x0000000795580000)
  object space 182272K, 63% used [0x0000000740000000,0x00000007470a39c8,0x000000074b200000)
 Metaspace       used 63785K, capacity 67306K, committed 67584K, reserved 1105920K
  class space    used 9590K, capacity 10155K, committed 10240K, reserved 1048576K
Event: 20290.499 GC heap after
Heap after GC invocations=39 (full 3):
 PSYoungGen      total 126976K, used 128K [0x0000000795580000, 0x00000007a0280000, 0x00000007c0000000)
  eden space 83968K, 0% used [0x0000000795580000,0x0000000795580000,0x000000079a780000)
  from space 43008K, 0% used [0x000000079d880000,0x000000079d8a0000,0x00000007a0280000)
  to   space 46592K, 0% used [0x000000079a780000,0x000000079a780000,0x000000079d500000)
 ParOldGen       total 182272K, used 115382K [0x0000000740000000, 0x000000074b200000, 0x0000000795580000)
  object space 182272K, 63% used [0x0000000740000000,0x00000007470ad9c8,0x000000074b200000)
 Metaspace       used 63785K, capacity 67306K, committed 67584K, reserved 1105920K
  class space    used 9590K, capacity 10155K, committed 10240K, reserved 1048576K
}
Event: 21318.831 GC heap before
{Heap before GC invocations=40 (full 3):
 PSYoungGen      total 126976K, used 84096K [0x0000000795580000, 0x00000007a0280000, 0x00000007c0000000)
  eden space 83968K, 100% used [0x0000000795580000,0x000000079a780000,0x000000079a780000)
  from space 43008K, 0% used [0x000000079d880000,0x000000079d8a0000,0x00000007a0280000)
  to   space 46592K, 0% used [0x000000079a780000,0x000000079a780000,0x000000079d500000)
 ParOldGen       total 182272K, used 115382K [0x0000000740000000, 0x000000074b200000, 0x0000000795580000)
  object space 182272K, 63% used [0x0000000740000000,0x00000007470ad9c8,0x000000074b200000)
 Metaspace       used 63785K, capacity 67306K, committed 67584K, reserved 1105920K
  class space    used 9590K, capacity 10155K, committed 10240K, reserved 1048576K
Event: 21318.837 GC heap after
Heap after GC invocations=40 (full 3):
 PSYoungGen      total 82944K, used 96K [0x0000000795580000, 0x000000079fc00000, 0x00000007c0000000)
  eden space 82432K, 0% used [0x0000000795580000,0x0000000795580000,0x000000079a600000)
  from space 512K, 18% used [0x000000079a780000,0x000000079a798000,0x000000079a800000)
  to   space 44032K, 0% used [0x000000079d100000,0x000000079d100000,0x000000079fc00000)
 ParOldGen       total 182272K, used 115422K [0x0000000740000000, 0x000000074b200000, 0x0000000795580000)
  object space 182272K, 63% used [0x0000000740000000,0x00000007470b79c8,0x000000074b200000)
 Metaspace       used 63785K, capacity 67306K, committed 67584K, reserved 1105920K
  class space    used 9590K, capacity 10155K, committed 10240K, reserved 1048576K
}
Event: 22330.032 GC heap before
{Heap before GC invocations=41 (full 3):
 PSYoungGen      total 82944K, used 82528K [0x0000000795580000, 0x000000079fc00000, 0x00000007c0000000)
  eden space 82432K, 100% used [0x0000000795580000,0x000000079a600000,0x000000079a600000)
  from space 512K, 18% used [0x000000079a780000,0x000000079a798000,0x000000079a800000)
  to   space 44032K, 0% used [0x000000079d100000,0x000000079d100000,0x000000079fc00000)
 ParOldGen       total 182272K, used 115422K [0x0000000740000000, 0x000000074b200000, 0x0000000795580000)
  object space 182272K, 63% used [0x0000000740000000,0x00000007470b79c8,0x000000074b200000)
 Metaspace       used 63785K, capacity 67306K, committed 67584K, reserved 1105920K
  class space    used 9590K, capacity 10155K, committed 10240K, reserved 1048576K
Event: 22330.036 GC heap after
Heap after GC invocations=41 (full 3):
 PSYoungGen      total 119296K, used 128K [0x0000000795580000, 0x000000079f680000, 0x00000007c0000000)
  eden space 80896K, 0% used [0x0000000795580000,0x0000000795580000,0x000000079a480000)
  from space 38400K, 0% used [0x000000079d100000,0x000000079d120000,0x000000079f680000)
  to   space 41984K, 0% used [0x000000079a480000,0x000000079a480000,0x000000079cd80000)
 ParOldGen       total 182272K, used 115438K [0x0000000740000000, 0x000000074b200000, 0x0000000795580000)
  object space 182272K, 63% used [0x0000000740000000,0x00000007470bb9c8,0x000000074b200000)
 Metaspace       used 63785K, capacity 67306K, committed 67584K, reserved 1105920K
  class space    used 9590K, capacity 10155K, committed 10240K, reserved 1048576K
}
Event: 23322.820 GC heap before
{Heap before GC invocations=42 (full 3):
 PSYoungGen      total 119296K, used 81024K [0x0000000795580000, 0x000000079f680000, 0x00000007c0000000)
  eden space 80896K, 100% used [0x0000000795580000,0x000000079a480000,0x000000079a480000)
  from space 38400K, 0% used [0x000000079d100000,0x000000079d120000,0x000000079f680000)
  to   space 41984K, 0% used [0x000000079a480000,0x000000079a480000,0x000000079cd80000)
 ParOldGen       total 182272K, used 115438K [0x0000000740000000, 0x000000074b200000, 0x0000000795580000)
  object space 182272K, 63% used [0x0000000740000000,0x00000007470bb9c8,0x000000074b200000)
 Metaspace       used 63785K, capacity 67306K, committed 67584K, reserved 1105920K
  class space    used 9590K, capacity 10155K, committed 10240K, reserved 1048576K
Event: 23322.837 GC heap after
Heap after GC invocations=42 (full 3):
 PSYoungGen      total 79872K, used 64K [0x0000000795580000, 0x000000079f100000, 0x00000007c0000000)
  eden space 79360K, 0% used [0x0000000795580000,0x0000000795580000,0x000000079a300000)
  from space 512K, 12% used [0x000000079a480000,0x000000079a490000,0x000000079a500000)
  to   space 39936K, 0% used [0x000000079ca00000,0x000000079ca00000,0x000000079f100000)
 ParOldGen       total 182272K, used 115446K [0x0000000740000000, 0x000000074b200000, 0x0000000795580000)
  object space 182272K, 63% used [0x0000000740000000,0x00000007470bd9c8,0x000000074b200000)
 Metaspace       used 63785K, capacity 67306K, committed 67584K, reserved 1105920K
  class space    used 9590K, capacity 10155K, committed 10240K, reserved 1048576K
}

