# JRE version: Java(TM) SE Runtime Environment (8.0_171-b11) (build 1.8.0_171-b11)
# Java VM: Java HotSpot(TM) 64-Bit Server VM (25.171-b11 mixed mode bsd-amd64 compressed oops)
Heap:
 PSYoungGen      total 130560K, used 55170K [0x0000000795580000, 0x00000007a0000000, 0x00000007c0000000)
  eden space 97280K, 37% used [0x0000000795580000,0x000000079792b7f0,0x000000079b480000)
  from space 33280K, 56% used [0x000000079b480000,0x000000079c6b51d0,0x000000079d500000)
  to   space 33280K, 0% used [0x000000079df80000,0x000000079df80000,0x00000007a0000000)
 ParOldGen       total 157184K, used 43996K [0x0000000740000000, 0x0000000749980000, 0x0000000795580000)
  object space 157184K, 27% used [0x0000000740000000,0x0000000742af73e8,0x0000000749980000)
 Metaspace       used 62841K, capacity 66380K, committed 66560K, reserved 1105920K
  class space    used 9582K, capacity 10156K, committed 10240K, reserved 1048576K
GC Heap History (10 events):
Event: 6.650 GC heap before
{Heap before GC invocations=12 (full 3):
 PSYoungGen      total 98816K, used 15916K [0x0000000795580000, 0x000000079df80000, 0x00000007c0000000)
  eden space 72704K, 0% used [0x0000000795580000,0x0000000795580000,0x0000000799c80000)
  from space 26112K, 60% used [0x0000000799c80000,0x000000079ac0b288,0x000000079b600000)
  to   space 26112K, 0% used [0x000000079c600000,0x000000079c600000,0x000000079df80000)
 ParOldGen       total 94208K, used 44702K [0x0000000740000000, 0x0000000745c00000, 0x0000000795580000)
  object space 94208K, 47% used [0x0000000740000000,0x0000000742ba7bb0,0x0000000745c00000)
 Metaspace       used 56533K, capacity 59048K, committed 59096K, reserved 1099776K
  class space    used 8734K, capacity 9202K, committed 9216K, reserved 1048576K
Event: 6.752 GC heap after
Heap after GC invocations=12 (full 3):
 PSYoungGen      total 98816K, used 0K [0x0000000795580000, 0x000000079df80000, 0x00000007c0000000)
  eden space 72704K, 0% used [0x0000000795580000,0x0000000795580000,0x0000000799c80000)
  from space 26112K, 0% used [0x0000000799c80000,0x0000000799c80000,0x000000079b600000)
  to   space 26112K, 0% used [0x000000079c600000,0x000000079c600000,0x000000079df80000)
 ParOldGen       total 157184K, used 30141K [0x0000000740000000, 0x0000000749980000, 0x0000000795580000)
  object space 157184K, 19% used [0x0000000740000000,0x0000000741d6f4a8,0x0000000749980000)
 Metaspace       used 56533K, capacity 59048K, committed 59096K, reserved 1099776K
  class space    used 8734K, capacity 9202K, committed 9216K, reserved 1048576K
}
Event: 10.977 GC heap before
{Heap before GC invocations=13 (full 3):
 PSYoungGen      total 98816K, used 72704K [0x0000000795580000, 0x000000079df80000, 0x00000007c0000000)
  eden space 72704K, 100% used [0x0000000795580000,0x0000000799c80000,0x0000000799c80000)
  from space 26112K, 0% used [0x0000000799c80000,0x0000000799c80000,0x000000079b600000)
  to   space 26112K, 0% used [0x000000079c600000,0x000000079c600000,0x000000079df80000)
 ParOldGen       total 157184K, used 30855K [0x0000000740000000, 0x0000000749980000, 0x0000000795580000)
  object space 157184K, 19% used [0x0000000740000000,0x0000000741e21eb8,0x0000000749980000)
 Metaspace       used 59826K, capacity 62790K, committed 63104K, reserved 1101824K
  class space    used 9276K, capacity 9777K, committed 9856K, reserved 1048576K
Event: 10.984 GC heap after
Heap after GC invocations=13 (full 3):
 PSYoungGen      total 110080K, used 5931K [0x0000000795580000, 0x000000079dc80000, 0x00000007c0000000)
  eden space 87040K, 0% used [0x0000000795580000,0x0000000795580000,0x000000079aa80000)
  from space 23040K, 25% used [0x000000079c600000,0x000000079cbcaee0,0x000000079dc80000)
  to   space 25600K, 0% used [0x000000079aa80000,0x000000079aa80000,0x000000079c380000)
 ParOldGen       total 157184K, used 30863K [0x0000000740000000, 0x0000000749980000, 0x0000000795580000)
  object space 157184K, 19% used [0x0000000740000000,0x0000000741e23eb8,0x0000000749980000)
 Metaspace       used 59826K, capacity 62790K, committed 63104K, reserved 1101824K
  class space    used 9276K, capacity 9777K, committed 9856K, reserved 1048576K
}
Event: 26.586 GC heap before
{Heap before GC invocations=14 (full 3):
 PSYoungGen      total 110080K, used 92971K [0x0000000795580000, 0x000000079dc80000, 0x00000007c0000000)
  eden space 87040K, 100% used [0x0000000795580000,0x000000079aa80000,0x000000079aa80000)
  from space 23040K, 25% used [0x000000079c600000,0x000000079cbcaee0,0x000000079dc80000)
  to   space 25600K, 0% used [0x000000079aa80000,0x000000079aa80000,0x000000079c380000)
 ParOldGen       total 157184K, used 30865K [0x0000000740000000, 0x0000000749980000, 0x0000000795580000)
  object space 157184K, 19% used [0x0000000740000000,0x0000000741e246c8,0x0000000749980000)
 Metaspace       used 62121K, capacity 65570K, committed 65792K, reserved 1105920K
  class space    used 9534K, capacity 10133K, committed 10240K, reserved 1048576K
Event: 26.602 GC heap after
Heap after GC invocations=14 (full 3):
 PSYoungGen      total 112640K, used 24551K [0x0000000795580000, 0x000000079f180000, 0x00000007c0000000)
  eden space 87040K, 0% used [0x0000000795580000,0x0000000795580000,0x000000079aa80000)
  from space 25600K, 95% used [0x000000079aa80000,0x000000079c279d98,0x000000079c380000)
  to   space 29184K, 0% used [0x000000079d500000,0x000000079d500000,0x000000079f180000)
 ParOldGen       total 157184K, used 39641K [0x0000000740000000, 0x0000000749980000, 0x0000000795580000)
  object space 157184K, 25% used [0x0000000740000000,0x00000007426b6598,0x0000000749980000)
 Metaspace       used 62121K, capacity 65570K, committed 65792K, reserved 1105920K
  class space    used 9534K, capacity 10133K, committed 10240K, reserved 1048576K
}
Event: 65.950 GC heap before
{Heap before GC invocations=15 (full 3):
 PSYoungGen      total 112640K, used 110422K [0x0000000795580000, 0x000000079f180000, 0x00000007c0000000)
  eden space 87040K, 98% used [0x0000000795580000,0x000000079a95bd40,0x000000079aa80000)
  from space 25600K, 95% used [0x000000079aa80000,0x000000079c279d98,0x000000079c380000)
  to   space 29184K, 0% used [0x000000079d500000,0x000000079d500000,0x000000079f180000)
 ParOldGen       total 157184K, used 39641K [0x0000000740000000, 0x0000000749980000, 0x0000000795580000)
  object space 157184K, 25% used [0x0000000740000000,0x00000007426b6598,0x0000000749980000)
 Metaspace       used 62565K, capacity 65994K, committed 66304K, reserved 1105920K
  class space    used 9549K, capacity 10139K, committed 10240K, reserved 1048576K
Event: 65.971 GC heap after
Heap after GC invocations=15 (full 3):
 PSYoungGen      total 126464K, used 28188K [0x0000000795580000, 0x000000079f700000, 0x00000007c0000000)
  eden space 97280K, 0% used [0x0000000795580000,0x0000000795580000,0x000000079b480000)
  from space 29184K, 96% used [0x000000079d500000,0x000000079f0872b0,0x000000079f180000)
  to   space 33280K, 0% used [0x000000079b480000,0x000000079b480000,0x000000079d500000)
 ParOldGen       total 157184K, used 43988K [0x0000000740000000, 0x0000000749980000, 0x0000000795580000)
  object space 157184K, 27% used [0x0000000740000000,0x0000000742af53e8,0x0000000749980000)
 Metaspace       used 62565K, capacity 65994K, committed 66304K, reserved 1105920K
  class space    used 9549K, capacity 10139K, committed 10240K, reserved 1048576K
}
Event: 82.719 GC heap before
{Heap before GC invocations=16 (full 3):
 PSYoungGen      total 126464K, used 113950K [0x0000000795580000, 0x000000079f700000, 0x00000007c0000000)
  eden space 97280K, 88% used [0x0000000795580000,0x000000079a940598,0x000000079b480000)
  from space 29184K, 96% used [0x000000079d500000,0x000000079f0872b0,0x000000079f180000)
  to   space 33280K, 0% used [0x000000079b480000,0x000000079b480000,0x000000079d500000)
 ParOldGen       total 157184K, used 43988K [0x0000000740000000, 0x0000000749980000, 0x0000000795580000)
  object space 157184K, 27% used [0x0000000740000000,0x0000000742af53e8,0x0000000749980000)
 Metaspace       used 62798K, capacity 66292K, committed 66560K, reserved 1105920K
  class space    used 9578K, capacity 10150K, committed 10240K, reserved 1048576K
Event: 82.733 GC heap after
Heap after GC invocations=16 (full 3):
 PSYoungGen      total 130560K, used 18644K [0x0000000795580000, 0x00000007a0000000, 0x00000007c0000000)
  eden space 97280K, 0% used [0x0000000795580000,0x0000000795580000,0x000000079b480000)
  from space 33280K, 56% used [0x000000079b480000,0x000000079c6b51d0,0x000000079d500000)
  to   space 33280K, 0% used [0x000000079df80000,0x000000079df80000,0x00000007a0000000)
 ParOldGen       total 157184K, used 43996K [0x0000000740000000, 0x0000000749980000, 0x0000000795580000)
  object space 157184K, 27% used [0x0000000740000000,0x0000000742af73e8,0x0000000749980000)
 Metaspace       used 62798K, capacity 66292K, committed 66560K, reserved 1105920K
  class space    used 9578K, capacity 10150K, committed 10240K, reserved 1048576K
}

