# JRE version: Java(TM) SE Runtime Environment (8.0_171-b11) (build 1.8.0_171-b11)
# Java VM: Java HotSpot(TM) 64-Bit Server VM (25.171-b11 mixed mode bsd-amd64 compressed oops)
Heap:
 PSYoungGen      total 207872K, used 110036K [0x0000000795580000, 0x00000007a3f80000, 0x00000007c0000000)
  eden space 184320K, 51% used [0x0000000795580000,0x000000079b1f9240,0x00000007a0980000)
  from space 23552K, 65% used [0x00000007a2880000,0x00000007a377c1b0,0x00000007a3f80000)
  to   space 27648K, 0% used [0x00000007a0980000,0x00000007a0980000,0x00000007a2480000)
 ParOldGen       total 146432K, used 41518K [0x0000000740000000, 0x0000000748f00000, 0x0000000795580000)
  object space 146432K, 28% used [0x0000000740000000,0x000000074288b8d0,0x0000000748f00000)
 Metaspace       used 63542K, capacity 67028K, committed 67288K, reserved 1105920K
  class space    used 9615K, capacity 10192K, committed 10240K, reserved 1048576K
GC Heap History (10 events):
Event: 6.982 GC heap before
{Heap before GC invocations=11 (full 2):
 PSYoungGen      total 103424K, used 17879K [0x0000000795580000, 0x000000079d480000, 0x00000007c0000000)
  eden space 86528K, 1% used [0x0000000795580000,0x0000000795703d08,0x000000079aa00000)
  from space 16896K, 96% used [0x000000079bd00000,0x000000079ccf2110,0x000000079cd80000)
  to   space 19456K, 0% used [0x000000079aa00000,0x000000079aa00000,0x000000079bd00000)
 ParOldGen       total 98816K, used 68583K [0x0000000740000000, 0x0000000746080000, 0x0000000795580000)
  object space 98816K, 69% used [0x0000000740000000,0x00000007442f9ef0,0x0000000746080000)
 Metaspace       used 56522K, capacity 59080K, committed 59096K, reserved 1099776K
  class space    used 8730K, capacity 9202K, committed 9216K, reserved 1048576K
Event: 6.999 GC heap after
Heap after GC invocations=11 (full 2):
 PSYoungGen      total 105984K, used 12860K [0x0000000795580000, 0x000000079fc80000, 0x00000007c0000000)
  eden space 86528K, 0% used [0x0000000795580000,0x0000000795580000,0x000000079aa00000)
  from space 19456K, 66% used [0x000000079aa00000,0x000000079b68f158,0x000000079bd00000)
  to   space 19968K, 0% used [0x000000079e900000,0x000000079e900000,0x000000079fc80000)
 ParOldGen       total 98816K, used 68591K [0x0000000740000000, 0x0000000746080000, 0x0000000795580000)
  object space 98816K, 69% used [0x0000000740000000,0x00000007442fbef0,0x0000000746080000)
 Metaspace       used 56522K, capacity 59080K, committed 59096K, reserved 1099776K
  class space    used 8730K, capacity 9202K, committed 9216K, reserved 1048576K
}
Event: 6.999 GC heap before
{Heap before GC invocations=12 (full 3):
 PSYoungGen      total 105984K, used 12860K [0x0000000795580000, 0x000000079fc80000, 0x00000007c0000000)
  eden space 86528K, 0% used [0x0000000795580000,0x0000000795580000,0x000000079aa00000)
  from space 19456K, 66% used [0x000000079aa00000,0x000000079b68f158,0x000000079bd00000)
  to   space 19968K, 0% used [0x000000079e900000,0x000000079e900000,0x000000079fc80000)
 ParOldGen       total 98816K, used 68591K [0x0000000740000000, 0x0000000746080000, 0x0000000795580000)
  object space 98816K, 69% used [0x0000000740000000,0x00000007442fbef0,0x0000000746080000)
 Metaspace       used 56522K, capacity 59080K, committed 59096K, reserved 1099776K
  class space    used 8730K, capacity 9202K, committed 9216K, reserved 1048576K
Event: 7.151 GC heap after
Heap after GC invocations=12 (full 3):
 PSYoungGen      total 105984K, used 0K [0x0000000795580000, 0x000000079fc80000, 0x00000007c0000000)
  eden space 86528K, 0% used [0x0000000795580000,0x0000000795580000,0x000000079aa00000)
  from space 19456K, 0% used [0x000000079aa00000,0x000000079aa00000,0x000000079bd00000)
  to   space 19968K, 0% used [0x000000079e900000,0x000000079e900000,0x000000079fc80000)
 ParOldGen       total 146432K, used 27625K [0x0000000740000000, 0x0000000748f00000, 0x0000000795580000)
  object space 146432K, 18% used [0x0000000740000000,0x0000000741afa6a0,0x0000000748f00000)
 Metaspace       used 56522K, capacity 59080K, committed 59096K, reserved 1099776K
  class space    used 8730K, capacity 9202K, committed 9216K, reserved 1048576K
}
Event: 11.249 GC heap before
{Heap before GC invocations=13 (full 3):
 PSYoungGen      total 105984K, used 86528K [0x0000000795580000, 0x000000079fc80000, 0x00000007c0000000)
  eden space 86528K, 100% used [0x0000000795580000,0x000000079aa00000,0x000000079aa00000)
  from space 19456K, 0% used [0x000000079aa00000,0x000000079aa00000,0x000000079bd00000)
  to   space 19968K, 0% used [0x000000079e900000,0x000000079e900000,0x000000079fc80000)
 ParOldGen       total 146432K, used 27625K [0x0000000740000000, 0x0000000748f00000, 0x0000000795580000)
  object space 146432K, 18% used [0x0000000740000000,0x0000000741afa6a0,0x0000000748f00000)
 Metaspace       used 59891K, capacity 62926K, committed 63064K, reserved 1101824K
  class space    used 9327K, capacity 9851K, committed 9856K, reserved 1048576K
Event: 11.253 GC heap after
Heap after GC invocations=13 (full 3):
 PSYoungGen      total 145920K, used 4437K [0x0000000795580000, 0x000000079f980000, 0x00000007c0000000)
  eden space 129024K, 0% used [0x0000000795580000,0x0000000795580000,0x000000079d380000)
  from space 16896K, 26% used [0x000000079e900000,0x000000079ed55698,0x000000079f980000)
  to   space 19456K, 0% used [0x000000079d380000,0x000000079d380000,0x000000079e680000)
 ParOldGen       total 146432K, used 27633K [0x0000000740000000, 0x0000000748f00000, 0x0000000795580000)
  object space 146432K, 18% used [0x0000000740000000,0x0000000741afc6a0,0x0000000748f00000)
 Metaspace       used 59891K, capacity 62926K, committed 63064K, reserved 1101824K
  class space    used 9327K, capacity 9851K, committed 9856K, reserved 1048576K
}
Event: 57.190 GC heap before
{Heap before GC invocations=14 (full 3):
 PSYoungGen      total 145920K, used 133461K [0x0000000795580000, 0x000000079f980000, 0x00000007c0000000)
  eden space 129024K, 100% used [0x0000000795580000,0x000000079d380000,0x000000079d380000)
  from space 16896K, 26% used [0x000000079e900000,0x000000079ed55698,0x000000079f980000)
  to   space 19456K, 0% used [0x000000079d380000,0x000000079d380000,0x000000079e680000)
 ParOldGen       total 146432K, used 27633K [0x0000000740000000, 0x0000000748f00000, 0x0000000795580000)
  object space 146432K, 18% used [0x0000000740000000,0x0000000741afc6a0,0x0000000748f00000)
 Metaspace       used 62568K, capacity 66004K, committed 66264K, reserved 1105920K
  class space    used 9578K, capacity 10144K, committed 10240K, reserved 1048576K
Event: 57.217 GC heap after
Heap after GC invocations=14 (full 3):
 PSYoungGen      total 148480K, used 19433K [0x0000000795580000, 0x00000007a4380000, 0x00000007c0000000)
  eden space 129024K, 0% used [0x0000000795580000,0x0000000795580000,0x000000079d380000)
  from space 19456K, 99% used [0x000000079d380000,0x000000079e67a7c0,0x000000079e680000)
  to   space 27648K, 0% used [0x00000007a2880000,0x00000007a2880000,0x00000007a4380000)
 ParOldGen       total 146432K, used 41510K [0x0000000740000000, 0x0000000748f00000, 0x0000000795580000)
  object space 146432K, 28% used [0x0000000740000000,0x00000007428898d0,0x0000000748f00000)
 Metaspace       used 62568K, capacity 66004K, committed 66264K, reserved 1105920K
  class space    used 9578K, capacity 10144K, committed 10240K, reserved 1048576K
}
Event: 127.120 GC heap before
{Heap before GC invocations=15 (full 3):
 PSYoungGen      total 148480K, used 147007K [0x0000000795580000, 0x00000007a4380000, 0x00000007c0000000)
  eden space 129024K, 98% used [0x0000000795580000,0x000000079d2157f0,0x000000079d380000)
  from space 19456K, 99% used [0x000000079d380000,0x000000079e67a7c0,0x000000079e680000)
  to   space 27648K, 0% used [0x00000007a2880000,0x00000007a2880000,0x00000007a4380000)
 ParOldGen       total 146432K, used 41510K [0x0000000740000000, 0x0000000748f00000, 0x0000000795580000)
  object space 146432K, 28% used [0x0000000740000000,0x00000007428898d0,0x0000000748f00000)
 Metaspace       used 63317K, capacity 66804K, committed 67032K, reserved 1105920K
  class space    used 9583K, capacity 10144K, committed 10240K, reserved 1048576K
Event: 127.142 GC heap after
Heap after GC invocations=15 (full 3):
 PSYoungGen      total 207872K, used 15344K [0x0000000795580000, 0x00000007a3f80000, 0x00000007c0000000)
  eden space 184320K, 0% used [0x0000000795580000,0x0000000795580000,0x00000007a0980000)
  from space 23552K, 65% used [0x00000007a2880000,0x00000007a377c1b0,0x00000007a3f80000)
  to   space 27648K, 0% used [0x00000007a0980000,0x00000007a0980000,0x00000007a2480000)
 ParOldGen       total 146432K, used 41518K [0x0000000740000000, 0x0000000748f00000, 0x0000000795580000)
  object space 146432K, 28% used [0x0000000740000000,0x000000074288b8d0,0x0000000748f00000)
 Metaspace       used 63317K, capacity 66804K, committed 67032K, reserved 1105920K
  class space    used 9583K, capacity 10144K, committed 10240K, reserved 1048576K
}

