# JRE version: Java(TM) SE Runtime Environment (8.0_171-b11) (build 1.8.0_171-b11)
# Java VM: Java HotSpot(TM) 64-Bit Server VM (25.171-b11 mixed mode bsd-amd64 compressed oops)
Heap:
 PSYoungGen      total 150528K, used 150323K [0x0000000795580000, 0x00000007a1900000, 0x00000007c0000000)
  eden space 130048K, 99% used [0x0000000795580000,0x000000079d44f340,0x000000079d480000)
  from space 20480K, 99% used [0x000000079f280000,0x00000007a067d8d0,0x00000007a0680000)
  to   space 30720K, 0% used [0x000000079d480000,0x000000079d480000,0x000000079f280000)
 ParOldGen       total 130048K, used 47246K [0x0000000740000000, 0x0000000747f00000, 0x0000000795580000)
  object space 130048K, 36% used [0x0000000740000000,0x0000000742e23850,0x0000000747f00000)
 Metaspace       used 61683K, capacity 65206K, committed 65408K, reserved 1103872K
  class space    used 9426K, capacity 10017K, committed 10112K, reserved 1048576K
GC Heap History (10 events):
Event: 12.780 GC heap before
{Heap before GC invocations=11 (full 2):
 PSYoungGen      total 86016K, used 83567K [0x0000000795580000, 0x000000079b800000, 0x00000007c0000000)
  eden space 73216K, 100% used [0x0000000795580000,0x0000000799d00000,0x0000000799d00000)
  from space 12800K, 80% used [0x000000079ab80000,0x000000079b59bcf0,0x000000079b800000)
  to   space 13824K, 0% used [0x0000000799d00000,0x0000000799d00000,0x000000079aa80000)
 ParOldGen       total 91136K, used 63312K [0x0000000740000000, 0x0000000745900000, 0x0000000795580000)
  object space 91136K, 69% used [0x0000000740000000,0x0000000743dd4368,0x0000000745900000)
 Metaspace       used 56406K, capacity 59040K, committed 59096K, reserved 1099776K
  class space    used 8864K, capacity 9310K, committed 9344K, reserved 1048576K
Event: 12.800 GC heap after
Heap after GC invocations=11 (full 2):
 PSYoungGen      total 87040K, used 13815K [0x0000000795580000, 0x000000079d080000, 0x00000007c0000000)
  eden space 73216K, 0% used [0x0000000795580000,0x0000000795580000,0x0000000799d00000)
  from space 13824K, 99% used [0x0000000799d00000,0x000000079aa7dfa8,0x000000079aa80000)
  to   space 16896K, 0% used [0x000000079c000000,0x000000079c000000,0x000000079d080000)
 ParOldGen       total 91136K, used 66328K [0x0000000740000000, 0x0000000745900000, 0x0000000795580000)
  object space 91136K, 72% used [0x0000000740000000,0x00000007440c6180,0x0000000745900000)
 Metaspace       used 56406K, capacity 59040K, committed 59096K, reserved 1099776K
  class space    used 8864K, capacity 9310K, committed 9344K, reserved 1048576K
}
Event: 12.803 GC heap before
{Heap before GC invocations=12 (full 2):
 PSYoungGen      total 87040K, used 15198K [0x0000000795580000, 0x000000079d080000, 0x00000007c0000000)
  eden space 73216K, 1% used [0x0000000795580000,0x00000007956d9b30,0x0000000799d00000)
  from space 13824K, 99% used [0x0000000799d00000,0x000000079aa7dfa8,0x000000079aa80000)
  to   space 16896K, 0% used [0x000000079c000000,0x000000079c000000,0x000000079d080000)
 ParOldGen       total 91136K, used 66328K [0x0000000740000000, 0x0000000745900000, 0x0000000795580000)
  object space 91136K, 72% used [0x0000000740000000,0x00000007440c6180,0x0000000745900000)
 Metaspace       used 56437K, capacity 59040K, committed 59096K, reserved 1099776K
  class space    used 8866K, capacity 9310K, committed 9344K, reserved 1048576K
Event: 12.819 GC heap after
Heap after GC invocations=12 (full 2):
 PSYoungGen      total 108032K, used 12985K [0x0000000795580000, 0x000000079e700000, 0x00000007c0000000)
  eden space 91136K, 0% used [0x0000000795580000,0x0000000795580000,0x000000079ae80000)
  from space 16896K, 76% used [0x000000079c000000,0x000000079ccae750,0x000000079d080000)
  to   space 17920K, 0% used [0x000000079ae80000,0x000000079ae80000,0x000000079c000000)
 ParOldGen       total 91136K, used 66328K [0x0000000740000000, 0x0000000745900000, 0x0000000795580000)
  object space 91136K, 72% used [0x0000000740000000,0x00000007440c6180,0x0000000745900000)
 Metaspace       used 56437K, capacity 59040K, committed 59096K, reserved 1099776K
  class space    used 8866K, capacity 9310K, committed 9344K, reserved 1048576K
}
Event: 12.819 GC heap before
{Heap before GC invocations=13 (full 3):
 PSYoungGen      total 108032K, used 12985K [0x0000000795580000, 0x000000079e700000, 0x00000007c0000000)
  eden space 91136K, 0% used [0x0000000795580000,0x0000000795580000,0x000000079ae80000)
  from space 16896K, 76% used [0x000000079c000000,0x000000079ccae750,0x000000079d080000)
  to   space 17920K, 0% used [0x000000079ae80000,0x000000079ae80000,0x000000079c000000)
 ParOldGen       total 91136K, used 66328K [0x0000000740000000, 0x0000000745900000, 0x0000000795580000)
  object space 91136K, 72% used [0x0000000740000000,0x00000007440c6180,0x0000000745900000)
 Metaspace       used 56437K, capacity 59040K, committed 59096K, reserved 1099776K
  class space    used 8866K, capacity 9310K, committed 9344K, reserved 1048576K
Event: 12.945 GC heap after
Heap after GC invocations=13 (full 3):
 PSYoungGen      total 108032K, used 0K [0x0000000795580000, 0x000000079e700000, 0x00000007c0000000)
  eden space 91136K, 0% used [0x0000000795580000,0x0000000795580000,0x000000079ae80000)
  from space 16896K, 0% used [0x000000079c000000,0x000000079c000000,0x000000079d080000)
  to   space 17920K, 0% used [0x000000079ae80000,0x000000079ae80000,0x000000079c000000)
 ParOldGen       total 130048K, used 26911K [0x0000000740000000, 0x0000000747f00000, 0x0000000795580000)
  object space 130048K, 20% used [0x0000000740000000,0x0000000741a47fb0,0x0000000747f00000)
 Metaspace       used 56437K, capacity 59040K, committed 59096K, reserved 1099776K
  class space    used 8866K, capacity 9310K, committed 9344K, reserved 1048576K
}
Event: 15.253 GC heap before
{Heap before GC invocations=14 (full 3):
 PSYoungGen      total 108032K, used 89504K [0x0000000795580000, 0x000000079e700000, 0x00000007c0000000)
  eden space 91136K, 98% used [0x0000000795580000,0x000000079ace83a0,0x000000079ae80000)
  from space 16896K, 0% used [0x000000079c000000,0x000000079c000000,0x000000079d080000)
  to   space 17920K, 0% used [0x000000079ae80000,0x000000079ae80000,0x000000079c000000)
 ParOldGen       total 130048K, used 26911K [0x0000000740000000, 0x0000000747f00000, 0x0000000795580000)
  object space 130048K, 20% used [0x0000000740000000,0x0000000741a47fb0,0x0000000747f00000)
 Metaspace       used 58984K, capacity 62228K, committed 62336K, reserved 1101824K
  class space    used 9284K, capacity 9816K, committed 9856K, reserved 1048576K
Event: 15.266 GC heap after
Heap after GC invocations=14 (full 3):
 PSYoungGen      total 109056K, used 17904K [0x0000000795580000, 0x00000007a0680000, 0x00000007c0000000)
  eden space 91136K, 0% used [0x0000000795580000,0x0000000795580000,0x000000079ae80000)
  from space 17920K, 99% used [0x000000079ae80000,0x000000079bffc3d0,0x000000079c000000)
  to   space 20480K, 0% used [0x000000079f280000,0x000000079f280000,0x00000007a0680000)
 ParOldGen       total 130048K, used 26994K [0x0000000740000000, 0x0000000747f00000, 0x0000000795580000)
  object space 130048K, 20% used [0x0000000740000000,0x0000000741a5c838,0x0000000747f00000)
 Metaspace       used 58984K, capacity 62228K, committed 62336K, reserved 1101824K
  class space    used 9284K, capacity 9816K, committed 9856K, reserved 1048576K
}
Event: 133.706 GC heap before
{Heap before GC invocations=15 (full 3):
 PSYoungGen      total 109056K, used 109040K [0x0000000795580000, 0x00000007a0680000, 0x00000007c0000000)
  eden space 91136K, 100% used [0x0000000795580000,0x000000079ae80000,0x000000079ae80000)
  from space 17920K, 99% used [0x000000079ae80000,0x000000079bffc3d0,0x000000079c000000)
  to   space 20480K, 0% used [0x000000079f280000,0x000000079f280000,0x00000007a0680000)
 ParOldGen       total 130048K, used 26994K [0x0000000740000000, 0x0000000747f00000, 0x0000000795580000)
  object space 130048K, 20% used [0x0000000740000000,0x0000000741a5c838,0x0000000747f00000)
 Metaspace       used 60992K, capacity 64380K, committed 64512K, reserved 1103872K
  class space    used 9392K, capacity 9968K, committed 9984K, reserved 1048576K
Event: 133.723 GC heap after
Heap after GC invocations=15 (full 3):
 PSYoungGen      total 150528K, used 20470K [0x0000000795580000, 0x00000007a1900000, 0x00000007c0000000)
  eden space 130048K, 0% used [0x0000000795580000,0x0000000795580000,0x000000079d480000)
  from space 20480K, 99% used [0x000000079f280000,0x00000007a067d8d0,0x00000007a0680000)
  to   space 30720K, 0% used [0x000000079d480000,0x000000079d480000,0x000000079f280000)
 ParOldGen       total 130048K, used 47246K [0x0000000740000000, 0x0000000747f00000, 0x0000000795580000)
  object space 130048K, 36% used [0x0000000740000000,0x0000000742e23850,0x0000000747f00000)
 Metaspace       used 60992K, capacity 64380K, committed 64512K, reserved 1103872K
  class space    used 9392K, capacity 9968K, committed 9984K, reserved 1048576K
}

